<?xml version="1.0" encoding="UTF-8"?>
<!-- Generated by org.testng.reporters.JUnitReportReporter -->
<testsuite hostname="LAPTOP-QHK8KGDB" failures="0" tests="1" name="com.webtable.Webtable_citynames_inexcleshit" time="0.000" errors="0" timestamp="2024-07-23T10:25:05 IST" skipped="1">
  <testcase classname="com.webtable.Webtable_citynames_inexcleshit" name="capturingFirstColumnCityNames" time="0.000">
    <skipped/>
  </testcase> <!-- capturingFirstColumnCityNames -->
  <system-out/>
</testsuite> <!-- com.webtable.Webtable_citynames_inexcleshit -->
